2014-06-04 22:25:33.504 Parliament Activities[22337:70b] Multi-tasking -> Device: YES, App: YES
2014-06-04 22:25:33.541 Parliament Activities[22337:70b] Unlimited access to network resources
2014-06-04 22:25:33.865 Parliament Activities[22337:70b] [CDVTimer][file] 0.958025ms
2014-06-04 22:25:33.866 Parliament Activities[22337:70b] [CDVTimer][TotalPluginStartup] 2.726018ms
2014-06-04 22:25:34.078 Parliament Activities[22337:70b] Resetting plugins due to page load.
2014-06-04 22:25:34.610 Parliament Activities[22337:70b] Finished load of: file:///Users/mom/Library/Application%20Support/iPhone%20Simulator/7.1/Applications/669C97D6-71CF-4A30-BDE0-EF61DCFFF999/Parliament%20Activities.app/www/index.html
2014-06-04 22:25:34.790 Parliament Activities[22337:70b] Refresh data from RSS: plenary.xml
2014-06-04 22:25:34.790 Parliament Activities[22337:70b] RSS URL: http://www.parliament.bg/export/bg/xml/app_plenary/
2014-06-04 22:25:34.791 Parliament Activities[22337:70b] Refresh data from RSS: controll.xml
2014-06-04 22:25:34.791 Parliament Activities[22337:70b] RSS URL: http://www.parliament.bg/export/bg/xml/app_control/
2014-06-04 22:25:34.791 Parliament Activities[22337:70b] Refresh data from RSS: committee.xml
2014-06-04 22:25:34.792 Parliament Activities[22337:70b] RSS URL: http://www.parliament.bg/export/bg/xml/app_comsitting/
2014-06-04 22:25:34.792 Parliament Activities[22337:70b] Refresh data from RSS: committees_list.xml
2014-06-04 22:25:34.792 Parliament Activities[22337:70b] RSS URL: http://parliament.bg/export/bg/xml/app_collection/
2014-06-04 22:25:34.792 Parliament Activities[22337:70b] Refresh data from RSS: news.xml
2014-06-04 22:25:34.793 Parliament Activities[22337:70b] RSS URL: http://www.parliament.bg/export/bg/xml/app_news/
2014-06-04 22:25:34.793 Parliament Activities[22337:70b] Refresh data from RSS: bills.xml
2014-06-04 22:25:34.793 Parliament Activities[22337:70b] RSS URL: http://www.parliament.bg/export/bg/xml/app_bills/
2014-06-04 22:25:34.793 Parliament Activities[22337:70b] Refresh data from RSS: deputies.xml
2014-06-04 22:25:34.793 Parliament Activities[22337:70b] RSS URL: http://www.parliament.bg/export/bg/xml/app_mps/
2014-06-04 22:25:34.794 Parliament Activities[22337:70b] Read rss data from file: settings.xml
2014-06-04 22:25:34.795 Parliament Activities[22337:70b] Done reading settings.xml
2014-06-04 22:25:34.906 Parliament Activities[22337:70b] committees_list.xml written
2014-06-04 22:25:35.577 Parliament Activities[22337:70b] committee.xml written
2014-06-04 22:25:35.654 Parliament Activities[22337:70b] bills.xml written
2014-06-04 22:25:35.740 Parliament Activities[22337:70b] news.xml written
2014-06-04 22:25:38.032 Parliament Activities[22337:70b] THREAD WARNING: ['File'] took '14.769043' ms. Plugin should use a background thread.
2014-06-04 22:25:38.093 Parliament Activities[22337:70b] THREAD WARNING: ['File'] took '22.722900' ms. Plugin should use a background thread.
2014-06-04 22:25:38.095 Parliament Activities[22337:70b] deputies.xml written
2014-06-04 22:25:39.946 Parliament Activities[22337:70b] controll.xml written
2014-06-04 22:25:40.137 Parliament Activities[22337:70b] plenary.xml written
2014-06-04 22:26:38.388 Parliament Activities[22337:70b] Received memory warning.
2014-06-04 22:29:05.765 Parliament Activities[22644:70b] Multi-tasking -> Device: YES, App: YES
2014-06-04 22:29:05.778 Parliament Activities[22644:70b] Unlimited access to network resources
2014-06-04 22:29:05.803 Parliament Activities[22644:70b] [CDVTimer][file] 0.912964ms
2014-06-04 22:29:05.804 Parliament Activities[22644:70b] [CDVTimer][TotalPluginStartup] 1.570046ms
2014-06-04 22:29:05.950 Parliament Activities[22644:70b] Resetting plugins due to page load.
2014-06-04 22:29:06.321 Parliament Activities[22644:70b] Finished load of: file:///Users/mom/Library/Application%20Support/iPhone%20Simulator/7.1/Applications/13826E3B-8CD6-4518-B91D-1CC875E9B3B2/Parliament%20Activities.app/www/index.html
2014-06-04 22:29:06.468 Parliament Activities[22644:70b] Refresh data from RSS: plenary.xml
2014-06-04 22:29:06.469 Parliament Activities[22644:70b] RSS URL: http://www.parliament.bg/export/bg/xml/app_plenary/
2014-06-04 22:29:06.469 Parliament Activities[22644:70b] Refresh data from RSS: controll.xml
2014-06-04 22:29:06.470 Parliament Activities[22644:70b] RSS URL: http://www.parliament.bg/export/bg/xml/app_control/
2014-06-04 22:29:06.470 Parliament Activities[22644:70b] Refresh data from RSS: committee.xml
2014-06-04 22:29:06.471 Parliament Activities[22644:70b] RSS URL: http://www.parliament.bg/export/bg/xml/app_comsitting/
2014-06-04 22:29:06.471 Parliament Activities[22644:70b] Refresh data from RSS: committees_list.xml
2014-06-04 22:29:06.471 Parliament Activities[22644:70b] RSS URL: http://parliament.bg/export/bg/xml/app_collection/
2014-06-04 22:29:06.472 Parliament Activities[22644:70b] Refresh data from RSS: news.xml
2014-06-04 22:29:06.472 Parliament Activities[22644:70b] RSS URL: http://www.parliament.bg/export/bg/xml/app_news/
2014-06-04 22:29:06.472 Parliament Activities[22644:70b] Refresh data from RSS: bills.xml
2014-06-04 22:29:06.473 Parliament Activities[22644:70b] RSS URL: http://www.parliament.bg/export/bg/xml/app_bills/
2014-06-04 22:29:06.473 Parliament Activities[22644:70b] Refresh data from RSS: deputies.xml
2014-06-04 22:29:06.473 Parliament Activities[22644:70b] RSS URL: http://www.parliament.bg/export/bg/xml/app_mps/
2014-06-04 22:29:06.474 Parliament Activities[22644:70b] Read rss data from file: settings.xml
2014-06-04 22:29:06.475 Parliament Activities[22644:70b] Done reading settings.xml
2014-06-04 22:29:06.600 Parliament Activities[22644:70b] committees_list.xml written
2014-06-04 22:29:07.458 Parliament Activities[22644:70b] committee.xml written
2014-06-04 22:29:07.549 Parliament Activities[22644:70b] bills.xml written
2014-06-04 22:29:07.550 Parliament Activities[22644:70b] news.xml written
2014-06-04 22:29:10.126 Parliament Activities[22644:70b] THREAD WARNING: ['File'] took '17.545898' ms. Plugin should use a background thread.
2014-06-04 22:29:10.194 Parliament Activities[22644:70b] THREAD WARNING: ['File'] took '23.670898' ms. Plugin should use a background thread.
2014-06-04 22:29:10.195 Parliament Activities[22644:70b] deputies.xml written
2014-06-04 22:29:11.667 Parliament Activities[22644:70b] THREAD WARNING: ['File'] took '27.884033' ms. Plugin should use a background thread.
2014-06-04 22:29:11.670 Parliament Activities[22644:70b] controll.xml written
2014-06-04 22:29:11.684 Parliament Activities[22644:70b] plenary.xml written
2014-06-04 22:29:24.196 Parliament Activities[22644:70b] Received memory warning.
2014-06-04 22:32:12.037 Parliament Activities[23020:70b] Multi-tasking -> Device: YES, App: YES
2014-06-04 22:32:12.049 Parliament Activities[23020:70b] Unlimited access to network resources
2014-06-04 22:32:12.075 Parliament Activities[23020:70b] [CDVTimer][file] 0.990033ms
2014-06-04 22:32:12.075 Parliament Activities[23020:70b] [CDVTimer][TotalPluginStartup] 1.428962ms
2014-06-04 22:32:12.203 Parliament Activities[23020:70b] Resetting plugins due to page load.
2014-06-04 22:32:12.573 Parliament Activities[23020:70b] Finished load of: file:///Users/mom/Library/Application%20Support/iPhone%20Simulator/7.1/Applications/13826E3B-8CD6-4518-B91D-1CC875E9B3B2/Parliament%20Activities.app/www/index.html
2014-06-04 22:32:12.681 Parliament Activities[23020:70b] Read rss data from file: plenary.xml
2014-06-04 22:32:12.682 Parliament Activities[23020:70b] Read rss data from file: controll.xml
2014-06-04 22:32:12.682 Parliament Activities[23020:70b] Read rss data from file: committee.xml
2014-06-04 22:32:12.683 Parliament Activities[23020:70b] Read rss data from file: committees_list.xml
2014-06-04 22:32:12.683 Parliament Activities[23020:70b] Read rss data from file: news.xml
2014-06-04 22:32:12.684 Parliament Activities[23020:70b] Read rss data from file: bills.xml
2014-06-04 22:32:12.684 Parliament Activities[23020:70b] Read rss data from file: deputies.xml
2014-06-04 22:32:12.685 Parliament Activities[23020:70b] Read rss data from file: settings.xml
2014-06-04 22:32:12.687 Parliament Activities[23020:70b] Done reading committees_list.xml
2014-06-04 22:32:12.688 Parliament Activities[23020:70b] Done reading committee.xml
2014-06-04 22:32:12.693 Parliament Activities[23020:70b] Done reading bills.xml
2014-06-04 22:32:12.694 Parliament Activities[23020:70b] Done reading settings.xml
2014-06-04 22:32:12.696 Parliament Activities[23020:70b] Done reading controll.xml
2014-06-04 22:32:12.702 Parliament Activities[23020:70b] Done reading news.xml
2014-06-04 22:32:12.722 Parliament Activities[23020:70b] Done reading plenary.xml
2014-06-04 22:32:12.804 Parliament Activities[23020:70b] Done reading deputies.xml
2014-06-04 22:34:40.911 Parliament Activities[23387:70b] Multi-tasking -> Device: YES, App: YES
2014-06-04 22:34:40.924 Parliament Activities[23387:70b] Unlimited access to network resources
2014-06-04 22:34:40.962 Parliament Activities[23387:70b] [CDVTimer][file] 0.901997ms
2014-06-04 22:34:40.963 Parliament Activities[23387:70b] [CDVTimer][TotalPluginStartup] 1.810014ms
2014-06-04 22:34:41.108 Parliament Activities[23387:70b] Resetting plugins due to page load.
2014-06-04 22:34:41.586 Parliament Activities[23387:70b] Finished load of: file:///Users/mom/Library/Application%20Support/iPhone%20Simulator/7.1/Applications/13826E3B-8CD6-4518-B91D-1CC875E9B3B2/Parliament%20Activities.app/www/index.html
2014-06-04 22:34:41.708 Parliament Activities[23387:70b] Read rss data from file: plenary.xml
2014-06-04 22:34:41.708 Parliament Activities[23387:70b] Read rss data from file: controll.xml
2014-06-04 22:34:41.709 Parliament Activities[23387:70b] Read rss data from file: committee.xml
2014-06-04 22:34:41.710 Parliament Activities[23387:70b] Read rss data from file: committees_list.xml
2014-06-04 22:34:41.710 Parliament Activities[23387:70b] Read rss data from file: news.xml
2014-06-04 22:34:41.714 Parliament Activities[23387:70b] Read rss data from file: bills.xml
2014-06-04 22:34:41.714 Parliament Activities[23387:70b] Read rss data from file: deputies.xml
2014-06-04 22:34:41.717 Parliament Activities[23387:70b] Read rss data from file: settings.xml
2014-06-04 22:34:41.718 Parliament Activities[23387:70b] Done reading committee.xml
2014-06-04 22:34:41.719 Parliament Activities[23387:70b] Done reading committees_list.xml
2014-06-04 22:34:41.721 Parliament Activities[23387:70b] Done reading controll.xml
2014-06-04 22:34:41.722 Parliament Activities[23387:70b] Done reading bills.xml
2014-06-04 22:34:41.723 Parliament Activities[23387:70b] Done reading settings.xml
2014-06-04 22:34:41.730 Parliament Activities[23387:70b] Done reading news.xml
2014-06-04 22:34:41.751 Parliament Activities[23387:70b] Done reading plenary.xml
2014-06-04 22:34:41.847 Parliament Activities[23387:70b] Done reading deputies.xml
2014-06-04 22:34:49.461 Parliament Activities[23387:70b] Received memory warning.
2014-06-04 22:43:07.384 Parliament Activities[23697:70b] Multi-tasking -> Device: YES, App: YES
2014-06-04 22:43:07.397 Parliament Activities[23697:70b] Unlimited access to network resources
2014-06-04 22:43:07.428 Parliament Activities[23697:70b] [CDVTimer][file] 2.780974ms
2014-06-04 22:43:07.429 Parliament Activities[23697:70b] [CDVTimer][TotalPluginStartup] 3.507018ms
2014-06-04 22:43:07.568 Parliament Activities[23697:70b] Resetting plugins due to page load.
2014-06-04 22:43:07.930 Parliament Activities[23697:70b] Finished load of: file:///Users/mom/Library/Application%20Support/iPhone%20Simulator/7.1/Applications/13826E3B-8CD6-4518-B91D-1CC875E9B3B2/Parliament%20Activities.app/www/index.html
2014-06-04 22:43:08.078 Parliament Activities[23697:70b] Read rss data from file: plenary.xml
2014-06-04 22:43:08.078 Parliament Activities[23697:70b] Read rss data from file: controll.xml
2014-06-04 22:43:08.079 Parliament Activities[23697:70b] Read rss data from file: committee.xml
2014-06-04 22:43:08.080 Parliament Activities[23697:70b] Read rss data from file: committees_list.xml
2014-06-04 22:43:08.080 Parliament Activities[23697:70b] Read rss data from file: news.xml
2014-06-04 22:43:08.082 Parliament Activities[23697:70b] Read rss data from file: bills.xml
2014-06-04 22:43:08.082 Parliament Activities[23697:70b] Read rss data from file: deputies.xml
2014-06-04 22:43:08.083 Parliament Activities[23697:70b] Read rss data from file: settings.xml
2014-06-04 22:43:08.084 Parliament Activities[23697:70b] Done reading committees_list.xml
2014-06-04 22:43:08.086 Parliament Activities[23697:70b] Done reading committee.xml
2014-06-04 22:43:08.088 Parliament Activities[23697:70b] Done reading controll.xml
2014-06-04 22:43:08.089 Parliament Activities[23697:70b] Done reading bills.xml
2014-06-04 22:43:08.091 Parliament Activities[23697:70b] Done reading settings.xml
2014-06-04 22:43:08.096 Parliament Activities[23697:70b] Done reading news.xml
2014-06-04 22:43:08.119 Parliament Activities[23697:70b] Done reading plenary.xml
2014-06-04 22:43:08.211 Parliament Activities[23697:70b] Done reading deputies.xml
2014-06-04 22:46:46.027 Parliament Activities[23936:70b] Multi-tasking -> Device: YES, App: YES
2014-06-04 22:46:46.034 Parliament Activities[23936:70b] Unlimited access to network resources
2014-06-04 22:46:46.051 Parliament Activities[23936:70b] [CDVTimer][file] 0.531018ms
2014-06-04 22:46:46.052 Parliament Activities[23936:70b] [CDVTimer][TotalPluginStartup] 1.105011ms
2014-06-04 22:46:46.101 Parliament Activities[23936:70b] Resetting plugins due to page load.
2014-06-04 22:46:46.277 Parliament Activities[23936:70b] Finished load of: file:///Users/mom/Library/Application%20Support/iPhone%20Simulator/7.1/Applications/13826E3B-8CD6-4518-B91D-1CC875E9B3B2/Parliament%20Activities.app/www/index.html
2014-06-04 22:46:46.342 Parliament Activities[23936:70b] Read rss data from file: plenary.xml
2014-06-04 22:46:46.343 Parliament Activities[23936:70b] Read rss data from file: controll.xml
2014-06-04 22:46:46.344 Parliament Activities[23936:70b] Read rss data from file: committee.xml
2014-06-04 22:46:46.344 Parliament Activities[23936:70b] Read rss data from file: committees_list.xml
2014-06-04 22:46:46.345 Parliament Activities[23936:70b] Read rss data from file: news.xml
2014-06-04 22:46:46.346 Parliament Activities[23936:70b] Read rss data from file: bills.xml
2014-06-04 22:46:46.346 Parliament Activities[23936:70b] Read rss data from file: deputies.xml
2014-06-04 22:46:46.347 Parliament Activities[23936:70b] Read rss data from file: settings.xml
2014-06-04 22:46:46.351 Parliament Activities[23936:70b] Done reading controll.xml
2014-06-04 22:46:46.354 Parliament Activities[23936:70b] Done reading committees_list.xml
2014-06-04 22:46:46.355 Parliament Activities[23936:70b] Done reading committee.xml
2014-06-04 22:46:46.356 Parliament Activities[23936:70b] Done reading bills.xml
2014-06-04 22:46:46.357 Parliament Activities[23936:70b] Done reading settings.xml
2014-06-04 22:46:46.364 Parliament Activities[23936:70b] Done reading news.xml
2014-06-04 22:46:46.370 Parliament Activities[23936:70b] Done reading plenary.xml
2014-06-04 22:46:46.447 Parliament Activities[23936:70b] Done reading deputies.xml
2014-06-04 22:47:08.722 Parliament Activities[23936:70b] Received memory warning.
2014-06-05 00:00:20.131 Parliament Activities[25271:70b] Multi-tasking -> Device: YES, App: YES
2014-06-05 00:00:20.145 Parliament Activities[25271:70b] Unlimited access to network resources
2014-06-05 00:00:20.222 Parliament Activities[25271:70b] [CDVTimer][file] 0.952005ms
2014-06-05 00:00:20.223 Parliament Activities[25271:70b] [CDVTimer][TotalPluginStartup] 1.609027ms
2014-06-05 00:00:20.384 Parliament Activities[25271:70b] Resetting plugins due to page load.
2014-06-05 00:00:20.821 Parliament Activities[25271:70b] Finished load of: file:///Users/mom/Library/Application%20Support/iPhone%20Simulator/7.1/Applications/13826E3B-8CD6-4518-B91D-1CC875E9B3B2/Parliament%20Activities.app/www/index.html
2014-06-05 00:00:20.921 Parliament Activities[25271:70b] Read rss data from file: plenary.xml
2014-06-05 00:00:20.922 Parliament Activities[25271:70b] Read rss data from file: controll.xml
2014-06-05 00:00:20.922 Parliament Activities[25271:70b] Read rss data from file: committee.xml
2014-06-05 00:00:20.923 Parliament Activities[25271:70b] Read rss data from file: committees_list.xml
2014-06-05 00:00:20.923 Parliament Activities[25271:70b] Read rss data from file: news.xml
2014-06-05 00:00:20.924 Parliament Activities[25271:70b] Read rss data from file: bills.xml
2014-06-05 00:00:20.924 Parliament Activities[25271:70b] Read rss data from file: deputies.xml
2014-06-05 00:00:20.925 Parliament Activities[25271:70b] Read rss data from file: settings.xml
2014-06-05 00:00:20.946 Parliament Activities[25271:70b] Done reading committees_list.xml
2014-06-05 00:00:20.948 Parliament Activities[25271:70b] Done reading controll.xml
2014-06-05 00:00:20.949 Parliament Activities[25271:70b] Done reading committee.xml
2014-06-05 00:00:20.950 Parliament Activities[25271:70b] Done reading bills.xml
2014-06-05 00:00:20.951 Parliament Activities[25271:70b] Done reading settings.xml
2014-06-05 00:00:20.955 Parliament Activities[25271:70b] Done reading news.xml
2014-06-05 00:00:20.964 Parliament Activities[25271:70b] Done reading plenary.xml
2014-06-05 00:00:21.065 Parliament Activities[25271:70b] Done reading deputies.xml
2014-06-05 00:00:31.223 Parliament Activities[25271:70b] Received memory warning.
